<?xml version="1.0" encoding="UTF-8"?>
<!-- Generated by org.testng.reporters.JUnitReportReporter -->
<testsuite hostname="DESKTOP-13QQG5A" failures="0" tests="1" name="test.Annotations" time="0.012" errors="0" timestamp="2023-05-13T15:51:19 IST" skipped="0">
  <testcase classname="test.Annotations" name="loginTest" time="0.012"/>
  <system-out/>
</testsuite> <!-- test.Annotations -->
