<?xml version="1.0" encoding="UTF-8"?>
<!-- Generated by org.testng.reporters.JUnitReportReporter -->
<testsuite hostname="DESKTOP-13QQG5A" failures="0" tests="2" name="test.annotationsexamle" time="0.024" errors="0" timestamp="2023-05-13T16:11:02 IST" skipped="0">
  <testcase classname="test.annotationsexamle" name="logotest" time="0.009"/>
  <system-out/>
  <testcase classname="test.annotationsexamle" name="logintest" time="0.015"/>
  <system-out/>
</testsuite> <!-- test.annotationsexamle -->
